INFO: 2019-05-31 19:26:00,229: perform_upgrade() 'Last run version was 0.7.2 or earlier, current version is 0.7.2'
INFO: 2019-05-31 19:26:00,389: process_command() 'Received command: []'
INFO: 2019-05-31 19:26:00,391: load_banned() 'Missing or invalid banned URLs list, no URLs will be banned'
INFO: 2019-05-31 19:26:00,413: load() 'Jumble loading'
INFO: 2019-05-31 19:26:00,414: _walk_modules() 'Jumble loading module in __init__ from /usr/share/variety/plugins/__init__.py'
INFO: 2019-05-31 19:26:00,415: _walk_modules() 'Jumble loading module in GoodreadsSource from /usr/share/variety/plugins/quotes/GoodreadsSource.py'
INFO: 2019-05-31 19:26:00,425: load() 'Jumble found plugin class: <class 'GoodreadsSource.GoodreadsSource'>: {'name': 'Goodreads', 'description': 'Fetches quotes from Goodreads.com', 'author': 'Peter Levi', 'version': '0.1'}'
INFO: 2019-05-31 19:26:00,425: _walk_modules() 'Jumble loading module in QuotationsPageSource from /usr/share/variety/plugins/quotes/QuotationsPageSource.py'
INFO: 2019-05-31 19:26:00,427: load() 'Jumble found plugin class: <class 'QuotationsPageSource.QuotationsPageSource'>: {'name': 'TheQuotationsPage.com', 'description': 'Fetches quotes from TheQuotationsPage.com', 'author': 'Peter Levi', 'version': '0.1'}'
INFO: 2019-05-31 19:26:00,427: _walk_modules() 'Jumble loading module in __init__ from /usr/share/variety/plugins/quotes/__init__.py'
INFO: 2019-05-31 19:26:00,428: _walk_modules() 'Jumble loading module in QuotesDaddySource from /usr/share/variety/plugins/quotes/QuotesDaddySource.py'
INFO: 2019-05-31 19:26:00,429: load() 'Jumble found plugin class: <class 'QuotesDaddySource.QuotesDaddySource'>: {'name': 'QuotesDaddy', 'description': "Fetches quotes from QuotesDaddy's daily quotes RSS feed.\nDoes not support searching by tags or authors.", 'author': 'Peter Levi', 'version': '0.1'}'
INFO: 2019-05-31 19:26:00,430: _walk_modules() 'Jumble loading module in LocalFilesSource from /usr/share/variety/plugins/quotes/LocalFilesSource.py'
INFO: 2019-05-31 19:26:00,431: load() 'Jumble found plugin class: <class 'LocalFilesSource.LocalFilesSource'>: {'name': 'Local text files', 'description': 'Displays quotes, defined in local text files.\nPut your own txt files in: ~/.config/variety/pluginconfig/quotes/.\nThe file format is:\n\nquote -- author\n.\nsecond quote -- another author\n.\netc...\n\nExample: http://rvelthuis.de/zips/quotes.txt', 'author': 'Peter Levi', 'version': '0.1'}'
INFO: 2019-05-31 19:26:00,435: log_options() 'Loaded options:'
INFO: 2019-05-31 19:26:00,435: log_options() 'change_enabled = False'
INFO: 2019-05-31 19:26:00,435: log_options() 'change_interval = 7200'
INFO: 2019-05-31 19:26:00,435: log_options() 'change_on_start = False'
INFO: 2019-05-31 19:26:00,436: log_options() 'clipboard_enabled = False'
INFO: 2019-05-31 19:26:00,436: log_options() 'clipboard_hosts = ['wallhaven.cc', 'wallpapers.net', 'flickr.com', 'imgur.com', 'deviantart.com', 'interfacelift.com', 'vladstudio.com', 'imageshack.us', 'deviantart.net', 'imageshack.com']'
INFO: 2019-05-31 19:26:00,436: log_options() 'clipboard_use_whitelist = True'
INFO: 2019-05-31 19:26:00,436: log_options() 'clock_date_font = Ubuntu Condensed, 30'
INFO: 2019-05-31 19:26:00,436: log_options() 'clock_enabled = False'
INFO: 2019-05-31 19:26:00,436: log_options() 'clock_filter = -density 100 -font `fc-match -f '%{file[0]}' '%CLOCK_FONT_NAME'` -pointsize %CLOCK_FONT_SIZE -gravity SouthEast -fill '#00000044' -annotate 0x0+[%HOFFSET+58]+[%VOFFSET+108] '%H:%M' -fill white -annotate 0x0+[%HOFFSET+60]+[%VOFFSET+110] '%H:%M' -font `fc-match -f '%{file[0]}' '%DATE_FONT_NAME'` -pointsize %DATE_FONT_SIZE -fill '#00000044' -annotate 0x0+[%HOFFSET+58]+[%VOFFSET+58] '%A, %B %d' -fill white -annotate 0x0+[%HOFFSET+60]+[%VOFFSET+60] '%A, %B %d''
INFO: 2019-05-31 19:26:00,436: log_options() 'clock_font = Ubuntu Condensed, 70'
INFO: 2019-05-31 19:26:00,436: log_options() 'configfile = /home/daksh/.config/variety/variety.conf'
INFO: 2019-05-31 19:26:00,436: log_options() 'copyto_enabled = False'
INFO: 2019-05-31 19:26:00,436: log_options() 'copyto_folder = Default'
INFO: 2019-05-31 19:26:00,436: log_options() 'desired_color = [160, 160, 160]'
INFO: 2019-05-31 19:26:00,436: log_options() 'desired_color_enabled = False'
INFO: 2019-05-31 19:26:00,436: log_options() 'download_enabled = True'
INFO: 2019-05-31 19:26:00,436: log_options() 'download_folder = /home/daksh/.config/variety/Downloaded'
INFO: 2019-05-31 19:26:00,436: log_options() 'download_interval = 60'
INFO: 2019-05-31 19:26:00,436: log_options() 'favorites_folder = /home/daksh/.config/variety/Favorites'
INFO: 2019-05-31 19:26:00,436: log_options() 'favorites_operations = [['Downloaded', 'Copy'], ['Fetched', 'Move'], ['Others', 'Copy']]'
INFO: 2019-05-31 19:26:00,436: log_options() 'fetched_folder = /home/daksh/.config/variety/Fetched'
INFO: 2019-05-31 19:26:00,436: log_options() 'filters = [[False, 'Keep original', ''], [False, 'Grayscale', '-type Grayscale'], [False, 'Heavy blur', '-blur 120x40'], [False, 'Soft blur', '-blur 20x7'], [False, 'Oil painting', '-paint 8'], [False, 'Pencil sketch', '-colorspace gray \\( +clone -tile ~/.config/variety/pencil_tile.png -draw "color 0,0 reset" +clone +swap -compose color_dodge -composite \\) -fx \'u*.2+v*.8\''], [False, 'Pointilism', '-spread 10 -noise 3'], [False, 'Pixellate', '-scale 3% -scale 3333%']]'
INFO: 2019-05-31 19:26:00,436: log_options() 'icon = Light'
INFO: 2019-05-31 19:26:00,436: log_options() 'lightness_enabled = False'
INFO: 2019-05-31 19:26:00,437: log_options() 'lightness_mode = 0'
INFO: 2019-05-31 19:26:00,437: log_options() 'min_rating = 4'
INFO: 2019-05-31 19:26:00,437: log_options() 'min_rating_enabled = False'
INFO: 2019-05-31 19:26:00,437: log_options() 'min_size = 80'
INFO: 2019-05-31 19:26:00,437: log_options() 'min_size_enabled = True'
INFO: 2019-05-31 19:26:00,437: log_options() 'quota_enabled = True'
INFO: 2019-05-31 19:26:00,437: log_options() 'quota_size = 500'
INFO: 2019-05-31 19:26:00,437: log_options() 'quotes_authors = '
INFO: 2019-05-31 19:26:00,437: log_options() 'quotes_bg_color = [80, 80, 80]'
INFO: 2019-05-31 19:26:00,437: log_options() 'quotes_bg_opacity = 55'
INFO: 2019-05-31 19:26:00,437: log_options() 'quotes_change_enabled = False'
INFO: 2019-05-31 19:26:00,437: log_options() 'quotes_change_interval = 300'
INFO: 2019-05-31 19:26:00,437: log_options() 'quotes_disabled_sources = ['QuotesDaddy']'
INFO: 2019-05-31 19:26:00,437: log_options() 'quotes_enabled = False'
INFO: 2019-05-31 19:26:00,437: log_options() 'quotes_favorites_file = /home/daksh/.config/variety/favorite_quotes.txt'
INFO: 2019-05-31 19:26:00,437: log_options() 'quotes_font = Bitstream Charter 30'
INFO: 2019-05-31 19:26:00,437: log_options() 'quotes_hpos = 100'
INFO: 2019-05-31 19:26:00,437: log_options() 'quotes_tags = '
INFO: 2019-05-31 19:26:00,437: log_options() 'quotes_text_color = [255, 255, 255]'
INFO: 2019-05-31 19:26:00,437: log_options() 'quotes_text_shadow = False'
INFO: 2019-05-31 19:26:00,437: log_options() 'quotes_vpos = 40'
INFO: 2019-05-31 19:26:00,437: log_options() 'quotes_width = 70'
INFO: 2019-05-31 19:26:00,437: log_options() 'safe_mode = False'
INFO: 2019-05-31 19:26:00,438: log_options() 'slideshow_custom_enabled = False'
INFO: 2019-05-31 19:26:00,438: log_options() 'slideshow_custom_folder = /home/daksh/Pictures'
INFO: 2019-05-31 19:26:00,438: log_options() 'slideshow_downloads_enabled = False'
INFO: 2019-05-31 19:26:00,438: log_options() 'slideshow_fade = 0.4'
INFO: 2019-05-31 19:26:00,438: log_options() 'slideshow_favorites_enabled = True'
INFO: 2019-05-31 19:26:00,438: log_options() 'slideshow_mode = Fullscreen'
INFO: 2019-05-31 19:26:00,438: log_options() 'slideshow_monitor = All'
INFO: 2019-05-31 19:26:00,438: log_options() 'slideshow_pan = 0.05'
INFO: 2019-05-31 19:26:00,438: log_options() 'slideshow_seconds = 6.0'
INFO: 2019-05-31 19:26:00,438: log_options() 'slideshow_sort_order = Random'
INFO: 2019-05-31 19:26:00,438: log_options() 'slideshow_sources_enabled = True'
INFO: 2019-05-31 19:26:00,438: log_options() 'slideshow_zoom = 0.2'
INFO: 2019-05-31 19:26:00,438: log_options() 'smart_enabled = False'
INFO: 2019-05-31 19:26:00,438: log_options() 'smart_notice_shown = True'
INFO: 2019-05-31 19:26:00,438: log_options() 'smart_register_shown = False'
INFO: 2019-05-31 19:26:00,438: log_options() 'sources = [[False, 3, 'The Favorites folder'], [False, 4, 'The Fetched folder'], [False, 2, '/usr/share/backgrounds'], [False, 6, 'Random wallpapers from Desktoppr.co'], [False, 15, 'Bing Photo of the Day'], [False, 16, 'High-resolution photos from Unsplash.com'], [False, 8, "NASA's Astronomy Picture of the Day"], [False, 11, 'World Sunlight Map - live wallpaper from Die.net'], [False, 7, 'user:www.flickr.com/photos/peter-levi/;user_id:93647178@N00;'], [True, 2, '/home/daksh/Pictures/Wallpapers']]'
INFO: 2019-05-31 19:26:00,438: log_options() 'stats_enabled = True'
INFO: 2019-05-31 19:26:00,438: log_options() 'stats_notice_shown = True'
INFO: 2019-05-31 19:26:00,438: log_options() 'sync_enabled = True'
INFO: 2019-05-31 19:26:00,438: log_options() 'use_landscape_enabled = True'
INFO: 2019-05-31 19:26:00,438: reload_config() 'No need to clear prepared queue'
INFO: 2019-05-31 19:26:00,439: load_last_change_time() 'Change interval < 6 hours, ignore persisted last_change_time, wait initially the whole interval: 7200'
INFO: 2019-05-31 19:26:00,439: update_indicator() 'Setting file info to: /home/daksh/Pictures/Wallpapers/wallhaven-774709.png'
INFO: 2019-05-31 19:26:00,447: regular_change_thread() 'regular_change thread running'
INFO: 2019-05-31 19:26:00,447: regular_change_thread() 'regular_change: waiting till user resumes'
INFO: 2019-05-31 19:26:00,447: prepare_thread() 'Prepare thread running'
INFO: 2019-05-31 19:26:00,448: prepare_thread() 'Prepared buffer contains 0 images'
INFO: 2019-05-31 19:26:00,448: prepare_thread() 'Preparing some images'
INFO: 2019-05-31 19:26:00,450: update_indicator_icon() 'Creating indicator'
WARNING: 2019-05-31 19:26:00,472: create_menu() 'Variety Slideshow is not installed. This is an optional extension adding pan-and-zoom slideshows to Variety: see https://github.com/peterlevi/variety-slideshow for details'
INFO: 2019-05-31 19:26:00,475: create_indicator() 'indicator backend: fallback tray'
INFO: 2019-05-31 19:26:00,487: prepare_thread() 'After search prepared buffer contains 17 images'
INFO: 2019-05-31 19:26:00,535: set_from_theme_icon() 'Showing status icon variety-indicator from GTK theme'
INFO: 2019-05-31 19:26:00,539: do_set_wp() 'Calling do_set_wp with /home/daksh/Pictures/Wallpapers/wallhaven-774709.png, time: 1559310960.5396612'
INFO: 2019-05-31 19:26:00,540: update_indicator() 'Setting file info to: /home/daksh/Pictures/Wallpapers/wallhaven-774709.png'
INFO: 2019-05-31 19:26:00,551: update_indicator() 'Setting file info to: /home/daksh/Pictures/Wallpapers/wallhaven-774709.png'
INFO: 2019-05-31 19:26:02,135: reload() 'Reloading preferences dialog'
INFO: 2019-05-31 19:26:20,466: server_options_thread() 'Fetching server options from http://tiny.cc/variety-options-063'
INFO: 2019-05-31 19:26:23,325: server_options_thread() 'Fetched server options: {'flickr': {'min_fill_queue_interval': 1200, 'min_download_interval': 1200}, 'wallbase': {'min_fill_queue_interval': 1800, 'min_download_interval': 1800}, 'wallhaven': {'min_fill_queue_interval': 1800, 'min_download_interval': 1800}, 'wallpapers.net': {'min_fill_queue_interval': 600, 'min_download_interval': 0}, 'unsplash': {'min_fill_queue_interval': 20000000000, 'min_download_interval': 20000000000}, 'unsplash_v2': {'min_fill_queue_interval': 1800, 'min_download_interval': 600}, 'status_message': {'0.0.1': '', '*': ''}}'
INFO: 2019-05-31 19:39:57,855: process_command() 'Received command: ['--preferences']'
INFO: 2019-05-31 19:39:57,859: reload() 'Reloading preferences dialog'
ERROR: 2019-05-31 19:39:57,860: get_file_icon_name() 'Exception while obtaining folder icon for /home/daksh/.config/variety/Downloaded:'
Traceback (most recent call last):
  File "/usr/lib/python3.7/site-packages/variety/Util.py", line 708, in get_file_icon_name
    query_info = f.query_info("standard::icon", Gio.FileQueryInfoFlags.NONE, None)
gi.repository.GLib.GError: g-io-error-quark: Error when getting information for file “/home/daksh/.config/variety/Downloaded”: No such file or directory (1)
ERROR: 2019-05-31 19:39:57,861: get_file_icon_name() 'Exception while obtaining folder icon for /home/daksh/.config/variety/Favorites:'
Traceback (most recent call last):
  File "/usr/lib/python3.7/site-packages/variety/Util.py", line 708, in get_file_icon_name
    query_info = f.query_info("standard::icon", Gio.FileQueryInfoFlags.NONE, None)
gi.repository.GLib.GError: g-io-error-quark: Error when getting information for file “/home/daksh/.config/variety/Favorites”: No such file or directory (1)
ERROR: 2019-05-31 19:39:57,861: get_file_icon_name() 'Exception while obtaining folder icon for /home/daksh/.config/variety/Fetched:'
Traceback (most recent call last):
  File "/usr/lib/python3.7/site-packages/variety/Util.py", line 708, in get_file_icon_name
    query_info = f.query_info("standard::icon", Gio.FileQueryInfoFlags.NONE, None)
gi.repository.GLib.GError: g-io-error-quark: Error when getting information for file “/home/daksh/.config/variety/Fetched”: No such file or directory (1)
INFO: 2019-05-31 19:40:13,371: process_command() 'Received command: ['--preferences']'
INFO: 2019-05-31 19:40:13,375: reload() 'Reloading preferences dialog'
ERROR: 2019-05-31 19:40:13,376: get_file_icon_name() 'Exception while obtaining folder icon for /home/daksh/.config/variety/Downloaded:'
Traceback (most recent call last):
  File "/usr/lib/python3.7/site-packages/variety/Util.py", line 708, in get_file_icon_name
    query_info = f.query_info("standard::icon", Gio.FileQueryInfoFlags.NONE, None)
gi.repository.GLib.GError: g-io-error-quark: Error when getting information for file “/home/daksh/.config/variety/Downloaded”: No such file or directory (1)
ERROR: 2019-05-31 19:40:13,376: get_file_icon_name() 'Exception while obtaining folder icon for /home/daksh/.config/variety/Favorites:'
Traceback (most recent call last):
  File "/usr/lib/python3.7/site-packages/variety/Util.py", line 708, in get_file_icon_name
    query_info = f.query_info("standard::icon", Gio.FileQueryInfoFlags.NONE, None)
gi.repository.GLib.GError: g-io-error-quark: Error when getting information for file “/home/daksh/.config/variety/Favorites”: No such file or directory (1)
ERROR: 2019-05-31 19:40:13,377: get_file_icon_name() 'Exception while obtaining folder icon for /home/daksh/.config/variety/Fetched:'
Traceback (most recent call last):
  File "/usr/lib/python3.7/site-packages/variety/Util.py", line 708, in get_file_icon_name
    query_info = f.query_info("standard::icon", Gio.FileQueryInfoFlags.NONE, None)
gi.repository.GLib.GError: g-io-error-quark: Error when getting information for file “/home/daksh/.config/variety/Fetched”: No such file or directory (1)
INFO: 2019-05-31 19:40:17,715: process_command() 'Received command: ['-n']'
INFO: 2019-05-31 19:40:17,718: set_wallpaper() 'Calling set_wallpaper with /home/daksh/Pictures/Wallpapers/nasa-89127-unsplash.jpg'
INFO: 2019-05-31 19:40:17,718: prepare_thread() 'Prepared buffer contains 16 images'
INFO: 2019-05-31 19:40:17,719: do_set_wp() 'Calling do_set_wp with /home/daksh/Pictures/Wallpapers/nasa-89127-unsplash.jpg, time: 1559311817.7190254'
ERROR: 2019-05-31 19:40:17,719: write_filtered_wallpaper_origin() 'Cannot write wallpaper.jpg.txt'
Traceback (most recent call last):
  File "/usr/lib/python3.7/site-packages/variety/VarietyWindow.py", line 1172, in write_filtered_wallpaper_origin
    with open(os.path.join(self.wallpaper_folder, "wallpaper.jpg.txt"), "w", encoding='utf8') as f:
FileNotFoundError: [Errno 2] No such file or directory: '/home/daksh/.config/variety/wallpaper/wallpaper.jpg.txt'
WARNING: 2019-05-31 19:40:17,720: get_desktop_wallpaper() 'get_wallpaper script is missing or not executable: /home/daksh/.config/variety/scripts/get_wallpaper'
ERROR: 2019-05-31 19:40:17,720: cleanup_old_wallpapers() 'Cannot remove all old wallpaper files from /home/daksh/.config/variety/wallpaper:'
Traceback (most recent call last):
  File "/usr/lib/python3.7/site-packages/variety/VarietyWindow.py", line 2338, in cleanup_old_wallpapers
    for name in os.listdir(folder):
FileNotFoundError: [Errno 2] No such file or directory: '/home/daksh/.config/variety/wallpaper'
INFO: 2019-05-31 19:40:17,720: update_indicator() 'Setting file info to: /home/daksh/Pictures/Wallpapers/nasa-89127-unsplash.jpg'
ERROR: 2019-05-31 19:40:17,762: set_desktop_wallpaper() 'set_wallpaper script is missing or not executable: /home/daksh/.config/variety/scripts/set_wallpaper'
INFO: 2019-05-31 19:40:21,165: process_command() 'Received command: ['-p']'
INFO: 2019-05-31 19:40:21,171: do_set_wp() 'Calling do_set_wp with /home/daksh/Pictures/Wallpapers/wallhaven-774709.png, time: 1559311821.1716437'
ERROR: 2019-05-31 19:40:21,171: write_filtered_wallpaper_origin() 'Cannot write wallpaper.jpg.txt'
Traceback (most recent call last):
  File "/usr/lib/python3.7/site-packages/variety/VarietyWindow.py", line 1172, in write_filtered_wallpaper_origin
    with open(os.path.join(self.wallpaper_folder, "wallpaper.jpg.txt"), "w", encoding='utf8') as f:
FileNotFoundError: [Errno 2] No such file or directory: '/home/daksh/.config/variety/wallpaper/wallpaper.jpg.txt'
WARNING: 2019-05-31 19:40:21,172: get_desktop_wallpaper() 'get_wallpaper script is missing or not executable: /home/daksh/.config/variety/scripts/get_wallpaper'
ERROR: 2019-05-31 19:40:21,172: cleanup_old_wallpapers() 'Cannot remove all old wallpaper files from /home/daksh/.config/variety/wallpaper:'
Traceback (most recent call last):
  File "/usr/lib/python3.7/site-packages/variety/VarietyWindow.py", line 2338, in cleanup_old_wallpapers
    for name in os.listdir(folder):
FileNotFoundError: [Errno 2] No such file or directory: '/home/daksh/.config/variety/wallpaper'
INFO: 2019-05-31 19:40:21,172: update_indicator() 'Setting file info to: /home/daksh/Pictures/Wallpapers/wallhaven-774709.png'
ERROR: 2019-05-31 19:40:21,181: set_desktop_wallpaper() 'set_wallpaper script is missing or not executable: /home/daksh/.config/variety/scripts/set_wallpaper'
INFO: 2019-05-31 19:40:21,646: process_command() 'Received command: ['-n']'
INFO: 2019-05-31 19:40:21,980: process_command() 'Received command: ['-p']'
INFO: 2019-05-31 19:40:22,171: do_set_wp() 'Calling do_set_wp with /home/daksh/Pictures/Wallpapers/wallhaven-774709.png, time: 1559311822.171838'
ERROR: 2019-05-31 19:40:22,172: write_filtered_wallpaper_origin() 'Cannot write wallpaper.jpg.txt'
Traceback (most recent call last):
  File "/usr/lib/python3.7/site-packages/variety/VarietyWindow.py", line 1172, in write_filtered_wallpaper_origin
    with open(os.path.join(self.wallpaper_folder, "wallpaper.jpg.txt"), "w", encoding='utf8') as f:
FileNotFoundError: [Errno 2] No such file or directory: '/home/daksh/.config/variety/wallpaper/wallpaper.jpg.txt'
WARNING: 2019-05-31 19:40:22,172: get_desktop_wallpaper() 'get_wallpaper script is missing or not executable: /home/daksh/.config/variety/scripts/get_wallpaper'
ERROR: 2019-05-31 19:40:22,172: cleanup_old_wallpapers() 'Cannot remove all old wallpaper files from /home/daksh/.config/variety/wallpaper:'
Traceback (most recent call last):
  File "/usr/lib/python3.7/site-packages/variety/VarietyWindow.py", line 2338, in cleanup_old_wallpapers
    for name in os.listdir(folder):
FileNotFoundError: [Errno 2] No such file or directory: '/home/daksh/.config/variety/wallpaper'
INFO: 2019-05-31 19:40:22,172: update_indicator() 'Setting file info to: /home/daksh/Pictures/Wallpapers/wallhaven-774709.png'
ERROR: 2019-05-31 19:40:22,178: set_desktop_wallpaper() 'set_wallpaper script is missing or not executable: /home/daksh/.config/variety/scripts/set_wallpaper'
INFO: 2019-05-31 19:40:22,185: process_command() 'Received command: ['-n']'
INFO: 2019-05-31 19:40:23,172: do_set_wp() 'Calling do_set_wp with /home/daksh/Pictures/Wallpapers/nasa-89127-unsplash.jpg, time: 1559311823.1722887'
ERROR: 2019-05-31 19:40:23,172: write_filtered_wallpaper_origin() 'Cannot write wallpaper.jpg.txt'
Traceback (most recent call last):
  File "/usr/lib/python3.7/site-packages/variety/VarietyWindow.py", line 1172, in write_filtered_wallpaper_origin
    with open(os.path.join(self.wallpaper_folder, "wallpaper.jpg.txt"), "w", encoding='utf8') as f:
FileNotFoundError: [Errno 2] No such file or directory: '/home/daksh/.config/variety/wallpaper/wallpaper.jpg.txt'
WARNING: 2019-05-31 19:40:23,173: get_desktop_wallpaper() 'get_wallpaper script is missing or not executable: /home/daksh/.config/variety/scripts/get_wallpaper'
ERROR: 2019-05-31 19:40:23,173: cleanup_old_wallpapers() 'Cannot remove all old wallpaper files from /home/daksh/.config/variety/wallpaper:'
Traceback (most recent call last):
  File "/usr/lib/python3.7/site-packages/variety/VarietyWindow.py", line 2338, in cleanup_old_wallpapers
    for name in os.listdir(folder):
FileNotFoundError: [Errno 2] No such file or directory: '/home/daksh/.config/variety/wallpaper'
INFO: 2019-05-31 19:40:23,173: update_indicator() 'Setting file info to: /home/daksh/Pictures/Wallpapers/nasa-89127-unsplash.jpg'
ERROR: 2019-05-31 19:40:23,179: set_desktop_wallpaper() 'set_wallpaper script is missing or not executable: /home/daksh/.config/variety/scripts/set_wallpaper'
